09/20/2018 18:19:50+457335us LOEC <LO> LOEC_bind_handler > (function_code = 0x4c4fff03)
09/20/2018 18:19:50+457398us LOEC <LO> LOECAP_start_lot >>(lot_id=1093)
09/20/2018 18:19:50+465063us LOEC <LO> LODM_get_lot_data > ()
09/20/2018 18:19:50+466498us LOEC <LO> LODM_get_lot_data < () = OK
09/20/2018 18:19:50+466596us LOEC <LO> LODM_get_lot_align_data > ()
09/20/2018 18:19:50+469027us LOEC <LO> LODM_get_lot_align_data < () = OK
09/20/2018 18:19:50+469106us LOEC <LO> LODM_get_lot_level_data > ()
09/20/2018 18:19:50+469906us LOEC <LO> LODM_get_lot_level_data < () = OK
09/20/2018 18:19:50+469962us LOEC <LO> LODM_get_lot_seal_data > ()
09/20/2018 18:19:50+695563us LOEC <LO> LODM_get_lot_seal_data < () = OK
09/20/2018 18:19:50+695641us LOEC <LO> LOECAP_start_lot (cell_id = 4, segment_nr = 8, total_length = 0.000000,scan_length = 0.006000, scan_times = 70, start_pos (0.659622, 0.380754),b_selected=1),translation = (0.000000, 0.000000), rotation = 0.000000, ortho = 0.000000, magnification_x = 0.999500, magnification_y = 0.999500
09/20/2018 18:19:50+695713us LOEC <LO> LOECAP_start_lot (cell_id = 5, segment_nr = 8, total_length = 0.000000,scan_length = 0.006000, scan_times = 70, start_pos (0.586562, 0.380789),b_selected=1),translation = (0.000000, 0.000000), rotation = 0.000000, ortho = 0.000000, magnification_x = 1.000000, magnification_y = 1.000000
09/20/2018 18:19:50+695772us LOEC <LO> LOECAP_start_lot (cell_id = 6, segment_nr = 8, total_length = 0.000000,scan_length = 0.006000, scan_times = 70, start_pos (0.513502, 0.380823),b_selected=1),translation = (0.000000, 0.000000), rotation = 0.000000, ortho = 0.000000, magnification_x = 1.000500, magnification_y = 1.000500
09/20/2018 18:19:50+695830us LOEC <LO> LOECAP_start_lot (cell_id = 7, segment_nr = 8, total_length = 0.000000,scan_length = 0.006000, scan_times = 70, start_pos (0.440442, 0.380754),b_selected=1),translation = (0.000000, 0.000000), rotation = 0.000000, ortho = 0.000000, magnification_x = 0.999500, magnification_y = 0.999500
09/20/2018 18:19:50+695886us LOEC <LO> LOECAP_start_lot (cell_id = 8, segment_nr = 8, total_length = 0.000000,scan_length = 0.006000, scan_times = 70, start_pos (0.367382, 0.380789),b_selected=1),translation = (0.000000, 0.000000), rotation = 0.000000, ortho = 0.000000, magnification_x = 1.000000, magnification_y = 1.000000
09/20/2018 18:19:50+695941us LOEC <LO> LOECAP_start_lot (cell_id = 9, segment_nr = 8, total_length = 0.000000,scan_length = 0.006000, scan_times = 70, start_pos (0.294322, 0.380823),b_selected=1),translation = (0.000000, 0.000000), rotation = 0.000000, ortho = 0.000000, magnification_x = 1.000500, magnification_y = 1.000500
09/20/2018 18:19:50+695997us LOEC <LO> LOECAP_start_lot (cell_id = 10, segment_nr = 8, total_length = 0.000000,scan_length = 0.006000, scan_times = 70, start_pos (0.221262, 0.380754),b_selected=1),translation = (0.000000, 0.000000), rotation = 0.000000, ortho = 0.000000, magnification_x = 0.999500, magnification_y = 0.999500
09/20/2018 18:19:50+696052us LOEC <LO> LOECAP_start_lot (cell_id = 11, segment_nr = 8, total_length = 0.000000,scan_length = 0.006000, scan_times = 70, start_pos (0.148202, 0.380789),b_selected=1),translation = (0.000000, 0.000000), rotation = 0.000000, ortho = 0.000000, magnification_x = 1.000000, magnification_y = 1.000000
09/20/2018 18:19:50+696106us LOEC <LO> LOECAP_start_lot (cell_id = 12, segment_nr = 8, total_length = 0.000000,scan_length = 0.006000, scan_times = 70, start_pos (0.075142, 0.380823),b_selected=1),translation = (0.000000, 0.000000), rotation = 0.000000, ortho = 0.000000, magnification_x = 1.000500, magnification_y = 1.000500
09/20/2018 18:19:50+696158us LOEC <LO> LOECAP_start_lot (cell_id = 13, segment_nr = 8, total_length = 0.000000,scan_length = 0.006000, scan_times = 70, start_pos (-0.076398, 0.380754),b_selected=1),translation = (0.000000, 0.000000), rotation = 0.000000, ortho = 0.000000, magnification_x = 0.999500, magnification_y = 0.999500
09/20/2018 18:19:50+696211us LOEC <LO> LOECAP_start_lot (cell_id = 14, segment_nr = 8, total_length = 0.000000,scan_length = 0.006000, scan_times = 70, start_pos (-0.149458, 0.380789),b_selected=1),translation = (0.000000, 0.000000), rotation = 0.000000, ortho = 0.000000, magnification_x = 1.000000, magnification_y = 1.000000
09/20/2018 18:19:50+696263us LOEC <LO> LOECAP_start_lot (cell_id = 15, segment_nr = 8, total_length = 0.000000,scan_length = 0.006000, scan_times = 70, start_pos (-0.222518, 0.380823),b_selected=1),translation = (0.000000, 0.000000), rotation = 0.000000, ortho = 0.000000, magnification_x = 1.000500, magnification_y = 1.000500
09/20/2018 18:19:50+696315us LOEC <LO> LOECAP_start_lot (cell_id = 16, segment_nr = 8, total_length = 0.000000,scan_length = 0.006000, scan_times = 70, start_pos (-0.295578, 0.380754),b_selected=1),translation = (0.000000, 0.000000), rotation = 0.000000, ortho = 0.000000, magnification_x = 0.999500, magnification_y = 0.999500
09/20/2018 18:19:50+696367us LOEC <LO> LOECAP_start_lot (cell_id = 17, segment_nr = 8, total_length = 0.000000,scan_length = 0.006000, scan_times = 70, start_pos (-0.368638, 0.380789),b_selected=1),translation = (0.000000, 0.000000), rotation = 0.000000, ortho = 0.000000, magnification_x = 1.000000, magnification_y = 1.000000
09/20/2018 18:19:50+696416us LOEC <LO> LOECAP_start_lot (cell_id = 18, segment_nr = 8, total_length = 0.000000,scan_length = 0.006000, scan_times = 70, start_pos (-0.441698, 0.380823),b_selected=1),translation = (0.000000, 0.000000), rotation = 0.000000, ortho = 0.000000, magnification_x = 1.000500, magnification_y = 1.000500
09/20/2018 18:19:50+696462us LOEC <LO> LOECAP_start_lot (cell_id = 19, segment_nr = 8, total_length = 0.000000,scan_length = 0.006000, scan_times = 70, start_pos (-0.514758, 0.380754),b_selected=1),translation = (0.000000, 0.000000), rotation = 0.000000, ortho = 0.000000, magnification_x = 0.999500, magnification_y = 0.999500
09/20/2018 18:19:50+696509us LOEC <LO> LOECAP_start_lot (cell_id = 20, segment_nr = 8, total_length = 0.000000,scan_length = 0.006000, scan_times = 70, start_pos (-0.587818, 0.380789),b_selected=1),translation = (0.000000, 0.000000), rotation = 0.000000, ortho = 0.000000, magnification_x = 1.000000, magnification_y = 1.000000
09/20/2018 18:19:50+696570us LOEC <LO> LOECAP_start_lot (cell_id = 21, segment_nr = 8, total_length = 0.000000,scan_length = 0.006000, scan_times = 70, start_pos (-0.660878, 0.380823),b_selected=1),translation = (0.000000, 0.000000), rotation = 0.000000, ortho = 0.000000, magnification_x = 1.000500, magnification_y = 1.000500
09/20/2018 18:19:50+696608us LOEC <LO> LOECAP_start_lot (align data[num_marks=1,transfer(x=0.000000,y=0.000000),rot=0.000000,ortho=0.000000,magx=0.000000,magy=0.000000,mark_template=(null), match_rate=0.800000])
09/20/2018 18:19:50+696648us LOEC <LO> LOECAP_start_lot <(cell_index = 0, seg_id = 0, seg_type = 1, start_pos = (0.626078, 0.242073),end_pos = (0.694464, 0.242073), arc_center_pos = (0.000000, 0.000000), arc_angle = 0.000000,radius = 0.000000, seal_power = 20.000000, seal_velocity = 2.500000
09/20/2018 18:19:50+696683us LOEC <LO> LOECAP_start_lot <(cell_index = 0, seg_id = 1, seg_type = 2, start_pos = (0.694464, 0.242073),end_pos = (0.695013, 0.242623), arc_center_pos = (0.694481, 0.242588), arc_angle = 1.570796,radius = 0.000550, seal_power = 40.000000, seal_velocity = 3.000000
09/20/2018 18:19:50+696716us LOEC <LO> LOECAP_start_lot <(cell_index = 0, seg_id = 2, seg_type = 1, start_pos = (0.695013, 0.242623),end_pos = (0.695013, 0.380374), arc_center_pos = (0.000000, 0.000000), arc_angle = 0.000000,radius = 0.000000, seal_power = 20.000000, seal_velocity = 2.500000
09/20/2018 18:19:50+696749us LOEC <LO> LOECAP_start_lot <(cell_index = 0, seg_id = 3, seg_type = 2, start_pos = (0.695013, 0.380374),end_pos = (0.694563, 0.380824), arc_center_pos = (0.694581, 0.380408), arc_angle = 1.570796,radius = 0.000450, seal_power = 40.000000, seal_velocity = 3.000000
09/20/2018 18:19:50+696782us LOEC <LO> LOECAP_start_lot <(cell_index = 0, seg_id = 4, seg_type = 1, start_pos = (0.694563, 0.380824),end_pos = (0.625978, 0.380824), arc_center_pos = (0.000000, 0.000000), arc_angle = 0.000000,radius = 0.000000, seal_power = 20.000000, seal_velocity = 2.500000
09/20/2018 18:19:50+696817us LOEC <LO> LOECAP_start_lot <(cell_index = 0, seg_id = 5, seg_type = 2, start_pos = (0.625978, 0.380824),end_pos = (0.625528, 0.380374), arc_center_pos = (0.625961, 0.380408), arc_angle = 1.570796,radius = 0.000450, seal_power = 40.000000, seal_velocity = 3.000000
09/20/2018 18:19:50+696851us LOEC <LO> LOECAP_start_lot <(cell_index = 0, seg_id = 6, seg_type = 1, start_pos = (0.625528, 0.380374),end_pos = (0.625528, 0.242623), arc_center_pos = (0.000000, 0.000000), arc_angle = 0.000000,radius = 0.000000, seal_power = 20.000000, seal_velocity = 2.500000
09/20/2018 18:19:50+696885us LOEC <LO> LOECAP_start_lot <(cell_index = 0, seg_id = 7, seg_type = 2, start_pos = (0.625528, 0.242623),end_pos = (0.626078, 0.242073), arc_center_pos = (0.626061, 0.242588), arc_angle = 1.570796,radius = 0.000550, seal_power = 40.000000, seal_velocity = 3.000000
09/20/2018 18:19:50+696918us LOEC <LO> LOECAP_start_lot <(cell_index = 1, seg_id = 0, seg_type = 1, start_pos = (0.553001, 0.242038),end_pos = (0.621421, 0.242038), arc_center_pos = (0.000000, 0.000000), arc_angle = 0.000000,radius = 0.000000, seal_power = 20.000000, seal_velocity = 2.500000
09/20/2018 18:19:50+696950us LOEC <LO> LOECAP_start_lot <(cell_index = 1, seg_id = 1, seg_type = 2, start_pos = (0.621421, 0.242038),end_pos = (0.621971, 0.242588), arc_center_pos = (0.621421, 0.242588), arc_angle = 1.570796,radius = 0.000550, seal_power = 40.000000, seal_velocity = 3.000000
09/20/2018 18:19:50+696984us LOEC <LO> LOECAP_start_lot <(cell_index = 1, seg_id = 2, seg_type = 1, start_pos = (0.621971, 0.242588),end_pos = (0.621971, 0.380408), arc_center_pos = (0.000000, 0.000000), arc_angle = 0.000000,radius = 0.000000, seal_power = 20.000000, seal_velocity = 2.500000
09/20/2018 18:19:50+697016us LOEC <LO> LOECAP_start_lot <(cell_index = 1, seg_id = 3, seg_type = 2, start_pos = (0.621971, 0.380408),end_pos = (0.621521, 0.380858), arc_center_pos = (0.621521, 0.380408), arc_angle = 1.570796,radius = 0.000450, seal_power = 40.000000, seal_velocity = 3.000000
09/20/2018 18:19:50+697049us LOEC <LO> LOECAP_start_lot <(cell_index = 1, seg_id = 4, seg_type = 1, start_pos = (0.621521, 0.380858),end_pos = (0.552901, 0.380858), arc_center_pos = (0.000000, 0.000000), arc_angle = 0.000000,radius = 0.000000, seal_power = 20.000000, seal_velocity = 2.500000
09/20/2018 18:19:50+697081us LOEC <LO> LOECAP_start_lot <(cell_index = 1, seg_id = 5, seg_type = 2, start_pos = (0.552901, 0.380858),end_pos = (0.552451, 0.380408), arc_center_pos = (0.552901, 0.380408), arc_angle = 1.570796,radius = 0.000450, seal_power = 40.000000, seal_velocity = 3.000000
09/20/2018 18:19:50+697115us LOEC <LO> LOECAP_start_lot <(cell_index = 1, seg_id = 6, seg_type = 1, start_pos = (0.552451, 0.380408),end_pos = (0.552451, 0.242588), arc_center_pos = (0.000000, 0.000000), arc_angle = 0.000000,radius = 0.000000, seal_power = 20.000000, seal_velocity = 2.500000
09/20/2018 18:19:50+697147us LOEC <LO> LOECAP_start_lot <(cell_index = 1, seg_id = 7, seg_type = 2, start_pos = (0.552451, 0.242588),end_pos = (0.553001, 0.242038), arc_center_pos = (0.553001, 0.242588), arc_angle = 1.570796,radius = 0.000550, seal_power = 40.000000, seal_velocity = 3.000000
09/20/2018 18:19:50+697180us LOEC <LO> LOECAP_start_lot <(cell_index = 2, seg_id = 0, seg_type = 1, start_pos = (0.479924, 0.242004),end_pos = (0.548378, 0.242004), arc_center_pos = (0.000000, 0.000000), arc_angle = 0.000000,radius = 0.000000, seal_power = 20.000000, seal_velocity = 2.500000
09/20/2018 18:19:50+697213us LOEC <LO> LOECAP_start_lot <(cell_index = 2, seg_id = 1, seg_type = 2, start_pos = (0.548378, 0.242004),end_pos = (0.548928, 0.242554), arc_center_pos = (0.548361, 0.242588), arc_angle = 1.570796,radius = 0.000550, seal_power = 40.000000, seal_velocity = 3.000000
09/20/2018 18:19:50+697245us LOEC <LO> LOECAP_start_lot <(cell_index = 2, seg_id = 2, seg_type = 1, start_pos = (0.548928, 0.242554),end_pos = (0.548928, 0.380443), arc_center_pos = (0.000000, 0.000000), arc_angle = 0.000000,radius = 0.000000, seal_power = 20.000000, seal_velocity = 2.500000
09/20/2018 18:19:50+697278us LOEC <LO> LOECAP_start_lot <(cell_index = 2, seg_id = 3, seg_type = 2, start_pos = (0.548928, 0.380443),end_pos = (0.548478, 0.380893), arc_center_pos = (0.548461, 0.380408), arc_angle = 1.570796,radius = 0.000450, seal_power = 40.000000, seal_velocity = 3.000000
09/20/2018 18:19:50+697311us LOEC <LO> LOECAP_start_lot <(cell_index = 2, seg_id = 4, seg_type = 1, start_pos = (0.548478, 0.380893),end_pos = (0.479823, 0.380893), arc_center_pos = (0.000000, 0.000000), arc_angle = 0.000000,radius = 0.000000, seal_power = 20.000000, seal_velocity = 2.500000
09/20/2018 18:19:50+697343us LOEC <LO> LOECAP_start_lot <(cell_index = 2, seg_id = 5, seg_type = 2, start_pos = (0.479823, 0.380893),end_pos = (0.479373, 0.380443), arc_center_pos = (0.479841, 0.380408), arc_angle = 1.570796,radius = 0.000450, seal_power = 40.000000, seal_velocity = 3.000000
09/20/2018 18:19:50+697376us LOEC <LO> LOECAP_start_lot <(cell_index = 2, seg_id = 6, seg_type = 1, start_pos = (0.479373, 0.380443),end_pos = (0.479373, 0.242554), arc_center_pos = (0.000000, 0.000000), arc_angle = 0.000000,radius = 0.000000, seal_power = 20.000000, seal_velocity = 2.500000
09/20/2018 18:19:50+697409us LOEC <LO> LOECAP_start_lot <(cell_index = 2, seg_id = 7, seg_type = 2, start_pos = (0.479373, 0.242554),end_pos = (0.479924, 0.242004), arc_center_pos = (0.479941, 0.242588), arc_angle = 1.570796,radius = 0.000550, seal_power = 40.000000, seal_velocity = 3.000000
09/20/2018 18:19:50+697441us LOEC <LO> LOECAP_start_lot <(cell_index = 3, seg_id = 0, seg_type = 1, start_pos = (0.406898, 0.242073),end_pos = (0.475284, 0.242073), arc_center_pos = (0.000000, 0.000000), arc_angle = 0.000000,radius = 0.000000, seal_power = 20.000000, seal_velocity = 2.500000
09/20/2018 18:19:50+697475us LOEC <LO> LOECAP_start_lot <(cell_index = 3, seg_id = 1, seg_type = 2, start_pos = (0.475284, 0.242073),end_pos = (0.475833, 0.242623), arc_center_pos = (0.475301, 0.242588), arc_angle = 1.570796,radius = 0.000550, seal_power = 40.000000, seal_velocity = 3.000000
09/20/2018 18:19:50+697508us LOEC <LO> LOECAP_start_lot <(cell_index = 3, seg_id = 2, seg_type = 1, start_pos = (0.475833, 0.242623),end_pos = (0.475833, 0.380374), arc_center_pos = (0.000000, 0.000000), arc_angle = 0.000000,radius = 0.000000, seal_power = 20.000000, seal_velocity = 2.500000
09/20/2018 18:19:50+697541us LOEC <LO> LOECAP_start_lot <(cell_index = 3, seg_id = 3, seg_type = 2, start_pos = (0.475833, 0.380374),end_pos = (0.475383, 0.380824), arc_center_pos = (0.475401, 0.380408), arc_angle = 1.570796,radius = 0.000450, seal_power = 40.000000, seal_velocity = 3.000000
09/20/2018 18:19:50+697573us LOEC <LO> LOECAP_start_lot <(cell_index = 3, seg_id = 4, seg_type = 1, start_pos = (0.475383, 0.380824),end_pos = (0.406798, 0.380824), arc_center_pos = (0.000000, 0.000000), arc_angle = 0.000000,radius = 0.000000, seal_power = 20.000000, seal_velocity = 2.500000
09/20/2018 18:19:50+697606us LOEC <LO> LOECAP_start_lot <(cell_index = 3, seg_id = 5, seg_type = 2, start_pos = (0.406798, 0.380824),end_pos = (0.406348, 0.380374), arc_center_pos = (0.406781, 0.380408), arc_angle = 1.570796,radius = 0.000450, seal_power = 40.000000, seal_velocity = 3.000000
09/20/2018 18:19:50+697643us LOEC <LO> LOECAP_start_lot <(cell_index = 3, seg_id = 6, seg_type = 1, start_pos = (0.406348, 0.380374),end_pos = (0.406348, 0.242623), arc_center_pos = (0.000000, 0.000000), arc_angle = 0.000000,radius = 0.000000, seal_power = 20.000000, seal_velocity = 2.500000
09/20/2018 18:19:50+697676us LOEC <LO> LOECAP_start_lot <(cell_index = 3, seg_id = 7, seg_type = 2, start_pos = (0.406348, 0.242623),end_pos = (0.406898, 0.242073), arc_center_pos = (0.406881, 0.242588), arc_angle = 1.570796,radius = 0.000550, seal_power = 40.000000, seal_velocity = 3.000000
09/20/2018 18:19:50+697709us LOEC <LO> LOECAP_start_lot <(cell_index = 4, seg_id = 0, seg_type = 1, start_pos = (0.333821, 0.242038),end_pos = (0.402241, 0.242038), arc_center_pos = (0.000000, 0.000000), arc_angle = 0.000000,radius = 0.000000, seal_power = 20.000000, seal_velocity = 2.500000
09/20/2018 18:19:50+697742us LOEC <LO> LOECAP_start_lot <(cell_index = 4, seg_id = 1, seg_type = 2, start_pos = (0.402241, 0.242038),end_pos = (0.402791, 0.242588), arc_center_pos = (0.402241, 0.242588), arc_angle = 1.570796,radius = 0.000550, seal_power = 40.000000, seal_velocity = 3.000000
09/20/2018 18:19:50+697774us LOEC <LO> LOECAP_start_lot <(cell_index = 4, seg_id = 2, seg_type = 1, start_pos = (0.402791, 0.242588),end_pos = (0.402791, 0.380408), arc_center_pos = (0.000000, 0.000000), arc_angle = 0.000000,radius = 0.000000, seal_power = 20.000000, seal_velocity = 2.500000
09/20/2018 18:19:50+697808us LOEC <LO> LOECAP_start_lot <(cell_index = 4, seg_id = 3, seg_type = 2, start_pos = (0.402791, 0.380408),end_pos = (0.402341, 0.380858), arc_center_pos = (0.402341, 0.380408), arc_angle = 1.570796,radius = 0.000450, seal_power = 40.000000, seal_velocity = 3.000000
09/20/2018 18:19:50+697840us LOEC <LO> LOECAP_start_lot <(cell_index = 4, seg_id = 4, seg_type = 1, start_pos = (0.402341, 0.380858),end_pos = (0.333721, 0.380858), arc_center_pos = (0.000000, 0.000000), arc_angle = 0.000000,radius = 0.000000, seal_power = 20.000000, seal_velocity = 2.500000
09/20/2018 18:19:50+697872us LOEC <LO> LOECAP_start_lot <(cell_index = 4, seg_id = 5, seg_type = 2, start_pos = (0.333721, 0.380858),end_pos = (0.333271, 0.380408), arc_center_pos = (0.333721, 0.380408), arc_angle = 1.570796,radius = 0.000450, seal_power = 40.000000, seal_velocity = 3.000000
09/20/2018 18:19:50+697905us LOEC <LO> LOECAP_start_lot <(cell_index = 4, seg_id = 6, seg_type = 1, start_pos = (0.333271, 0.380408),end_pos = (0.333271, 0.242588), arc_center_pos = (0.000000, 0.000000), arc_angle = 0.000000,radius = 0.000000, seal_power = 20.000000, seal_velocity = 2.500000
09/20/2018 18:19:50+697951us LOEC <LO> LOECAP_start_lot <(cell_index = 4, seg_id = 7, seg_type = 2, start_pos = (0.333271, 0.242588),end_pos = (0.333821, 0.242038), arc_center_pos = (0.333821, 0.242588), arc_angle = 1.570796,radius = 0.000550, seal_power = 40.000000, seal_velocity = 3.000000
09/20/2018 18:19:50+697999us LOEC <LO> LOECAP_start_lot <(cell_index = 5, seg_id = 0, seg_type = 1, start_pos = (0.260744, 0.242004),end_pos = (0.329198, 0.242004), arc_center_pos = (0.000000, 0.000000), arc_angle = 0.000000,radius = 0.000000, seal_power = 20.000000, seal_velocity = 2.500000
09/20/2018 18:19:50+698045us LOEC <LO> LOECAP_start_lot <(cell_index = 5, seg_id = 1, seg_type = 2, start_pos = (0.329198, 0.242004),end_pos = (0.329748, 0.242554), arc_center_pos = (0.329181, 0.242588), arc_angle = 1.570796,radius = 0.000550, seal_power = 40.000000, seal_velocity = 3.000000
09/20/2018 18:19:50+698087us LOEC <LO> LOECAP_start_lot <(cell_index = 5, seg_id = 2, seg_type = 1, start_pos = (0.329748, 0.242554),end_pos = (0.329748, 0.380443), arc_center_pos = (0.000000, 0.000000), arc_angle = 0.000000,radius = 0.000000, seal_power = 20.000000, seal_velocity = 2.500000
09/20/2018 18:19:50+698122us LOEC <LO> LOECAP_start_lot <(cell_index = 5, seg_id = 3, seg_type = 2, start_pos = (0.329748, 0.380443),end_pos = (0.329298, 0.380893), arc_center_pos = (0.329281, 0.380408), arc_angle = 1.570796,radius = 0.000450, seal_power = 40.000000, seal_velocity = 3.000000
09/20/2018 18:19:50+698155us LOEC <LO> LOECAP_start_lot <(cell_index = 5, seg_id = 4, seg_type = 1, start_pos = (0.329298, 0.380893),end_pos = (0.260643, 0.380893), arc_center_pos = (0.000000, 0.000000), arc_angle = 0.000000,radius = 0.000000, seal_power = 20.000000, seal_velocity = 2.500000
09/20/2018 18:19:50+698187us LOEC <LO> LOECAP_start_lot <(cell_index = 5, seg_id = 5, seg_type = 2, start_pos = (0.260643, 0.380893),end_pos = (0.260193, 0.380443), arc_center_pos = (0.260661, 0.380408), arc_angle = 1.570796,radius = 0.000450, seal_power = 40.000000, seal_velocity = 3.000000
09/20/2018 18:19:50+698219us LOEC <LO> LOECAP_start_lot <(cell_index = 5, seg_id = 6, seg_type = 1, start_pos = (0.260193, 0.380443),end_pos = (0.260193, 0.242554), arc_center_pos = (0.000000, 0.000000), arc_angle = 0.000000,radius = 0.000000, seal_power = 20.000000, seal_velocity = 2.500000
09/20/2018 18:19:50+698251us LOEC <LO> LOECAP_start_lot <(cell_index = 5, seg_id = 7, seg_type = 2, start_pos = (0.260193, 0.242554),end_pos = (0.260744, 0.242004), arc_center_pos = (0.260761, 0.242588), arc_angle = 1.570796,radius = 0.000550, seal_power = 40.000000, seal_velocity = 3.000000
09/20/2018 18:19:50+698283us LOEC <LO> LOECAP_start_lot <(cell_index = 6, seg_id = 0, seg_type = 1, start_pos = (0.187718, 0.242073),end_pos = (0.256104, 0.242073), arc_center_pos = (0.000000, 0.000000), arc_angle = 0.000000,radius = 0.000000, seal_power = 20.000000, seal_velocity = 2.500000
09/20/2018 18:19:50+698316us LOEC <LO> LOECAP_start_lot <(cell_index = 6, seg_id = 1, seg_type = 2, start_pos = (0.256104, 0.242073),end_pos = (0.256653, 0.242623), arc_center_pos = (0.256121, 0.242588), arc_angle = 1.570796,radius = 0.000550, seal_power = 40.000000, seal_velocity = 3.000000
09/20/2018 18:19:50+698348us LOEC <LO> LOECAP_start_lot <(cell_index = 6, seg_id = 2, seg_type = 1, start_pos = (0.256653, 0.242623),end_pos = (0.256653, 0.380374), arc_center_pos = (0.000000, 0.000000), arc_angle = 0.000000,radius = 0.000000, seal_power = 20.000000, seal_velocity = 2.500000
09/20/2018 18:19:50+698380us LOEC <LO> LOECAP_start_lot <(cell_index = 6, seg_id = 3, seg_type = 2, start_pos = (0.256653, 0.380374),end_pos = (0.256203, 0.380824), arc_center_pos = (0.256221, 0.380408), arc_angle = 1.570796,radius = 0.000450, seal_power = 40.000000, seal_velocity = 3.000000
09/20/2018 18:19:50+698412us LOEC <LO> LOECAP_start_lot <(cell_index = 6, seg_id = 4, seg_type = 1, start_pos = (0.256203, 0.380824),end_pos = (0.187618, 0.380824), arc_center_pos = (0.000000, 0.000000), arc_angle = 0.000000,radius = 0.000000, seal_power = 20.000000, seal_velocity = 2.500000
09/20/2018 18:19:50+698443us LOEC <LO> LOECAP_start_lot <(cell_index = 6, seg_id = 5, seg_type = 2, start_pos = (0.187618, 0.380824),end_pos = (0.187168, 0.380374), arc_center_pos = (0.187601, 0.380408), arc_angle = 1.570796,radius = 0.000450, seal_power = 40.000000, seal_velocity = 3.000000
09/20/2018 18:19:50+698476us LOEC <LO> LOECAP_start_lot <(cell_index = 6, seg_id = 6, seg_type = 1, start_pos = (0.187168, 0.380374),end_pos = (0.187168, 0.242623), arc_center_pos = (0.000000, 0.000000), arc_angle = 0.000000,radius = 0.000000, seal_power = 20.000000, seal_velocity = 2.500000
09/20/2018 18:19:50+698508us LOEC <LO> LOECAP_start_lot <(cell_index = 6, seg_id = 7, seg_type = 2, start_pos = (0.187168, 0.242623),end_pos = (0.187718, 0.242073), arc_center_pos = (0.187701, 0.242588), arc_angle = 1.570796,radius = 0.000550, seal_power = 40.000000, seal_velocity = 3.000000
09/20/2018 18:19:50+698540us LOEC <LO> LOECAP_start_lot <(cell_index = 7, seg_id = 0, seg_type = 1, start_pos = (0.114641, 0.242038),end_pos = (0.183061, 0.242038), arc_center_pos = (0.000000, 0.000000), arc_angle = 0.000000,radius = 0.000000, seal_power = 20.000000, seal_velocity = 2.500000
09/20/2018 18:19:50+698572us LOEC <LO> LOECAP_start_lot <(cell_index = 7, seg_id = 1, seg_type = 2, start_pos = (0.183061, 0.242038),end_pos = (0.183611, 0.242588), arc_center_pos = (0.183061, 0.242588), arc_angle = 1.570796,radius = 0.000550, seal_power = 40.000000, seal_velocity = 3.000000
09/20/2018 18:19:50+698605us LOEC <LO> LOECAP_start_lot <(cell_index = 7, seg_id = 2, seg_type = 1, start_pos = (0.183611, 0.242588),end_pos = (0.183611, 0.380408), arc_center_pos = (0.000000, 0.000000), arc_angle = 0.000000,radius = 0.000000, seal_power = 20.000000, seal_velocity = 2.500000
09/20/2018 18:19:50+698641us LOEC <LO> LOECAP_start_lot <(cell_index = 7, seg_id = 3, seg_type = 2, start_pos = (0.183611, 0.380408),end_pos = (0.183161, 0.380858), arc_center_pos = (0.183161, 0.380408), arc_angle = 1.570796,radius = 0.000450, seal_power = 40.000000, seal_velocity = 3.000000
09/20/2018 18:19:50+698675us LOEC <LO> LOECAP_start_lot <(cell_index = 7, seg_id = 4, seg_type = 1, start_pos = (0.183161, 0.380858),end_pos = (0.114541, 0.380858), arc_center_pos = (0.000000, 0.000000), arc_angle = 0.000000,radius = 0.000000, seal_power = 20.000000, seal_velocity = 2.500000
09/20/2018 18:19:50+698708us LOEC <LO> LOECAP_start_lot <(cell_index = 7, seg_id = 5, seg_type = 2, start_pos = (0.114541, 0.380858),end_pos = (0.114091, 0.380408), arc_center_pos = (0.114541, 0.380408), arc_angle = 1.570796,radius = 0.000450, seal_power = 40.000000, seal_velocity = 3.000000
09/20/2018 18:19:50+698740us LOEC <LO> LOECAP_start_lot <(cell_index = 7, seg_id = 6, seg_type = 1, start_pos = (0.114091, 0.380408),end_pos = (0.114091, 0.242588), arc_center_pos = (0.000000, 0.000000), arc_angle = 0.000000,radius = 0.000000, seal_power = 20.000000, seal_velocity = 2.500000
09/20/2018 18:19:50+698773us LOEC <LO> LOECAP_start_lot <(cell_index = 7, seg_id = 7, seg_type = 2, start_pos = (0.114091, 0.242588),end_pos = (0.114641, 0.242038), arc_center_pos = (0.114641, 0.242588), arc_angle = 1.570796,radius = 0.000550, seal_power = 40.000000, seal_velocity = 3.000000
09/20/2018 18:19:50+698805us LOEC <LO> LOECAP_start_lot <(cell_index = 8, seg_id = 0, seg_type = 1, start_pos = (0.041564, 0.242004),end_pos = (0.110018, 0.242004), arc_center_pos = (0.000000, 0.000000), arc_angle = 0.000000,radius = 0.000000, seal_power = 20.000000, seal_velocity = 2.500000
09/20/2018 18:19:50+698838us LOEC <LO> LOECAP_start_lot <(cell_index = 8, seg_id = 1, seg_type = 2, start_pos = (0.110018, 0.242004),end_pos = (0.110568, 0.242554), arc_center_pos = (0.110001, 0.242588), arc_angle = 1.570796,radius = 0.000550, seal_power = 40.000000, seal_velocity = 3.000000
09/20/2018 18:19:50+698870us LOEC <LO> LOECAP_start_lot <(cell_index = 8, seg_id = 2, seg_type = 1, start_pos = (0.110568, 0.242554),end_pos = (0.110568, 0.380443), arc_center_pos = (0.000000, 0.000000), arc_angle = 0.000000,radius = 0.000000, seal_power = 20.000000, seal_velocity = 2.500000
09/20/2018 18:19:50+698902us LOEC <LO> LOECAP_start_lot <(cell_index = 8, seg_id = 3, seg_type = 2, start_pos = (0.110568, 0.380443),end_pos = (0.110118, 0.380893), arc_center_pos = (0.110101, 0.380408), arc_angle = 1.570796,radius = 0.000450, seal_power = 40.000000, seal_velocity = 3.000000
09/20/2018 18:19:50+698934us LOEC <LO> LOECAP_start_lot <(cell_index = 8, seg_id = 4, seg_type = 1, start_pos = (0.110118, 0.380893),end_pos = (0.041463, 0.380893), arc_center_pos = (0.000000, 0.000000), arc_angle = 0.000000,radius = 0.000000, seal_power = 20.000000, seal_velocity = 2.500000
09/20/2018 18:19:50+698966us LOEC <LO> LOECAP_start_lot <(cell_index = 8, seg_id = 5, seg_type = 2, start_pos = (0.041463, 0.380893),end_pos = (0.041013, 0.380443), arc_center_pos = (0.041481, 0.380408), arc_angle = 1.570796,radius = 0.000450, seal_power = 40.000000, seal_velocity = 3.000000
09/20/2018 18:19:50+698999us LOEC <LO> LOECAP_start_lot <(cell_index = 8, seg_id = 6, seg_type = 1, start_pos = (0.041013, 0.380443),end_pos = (0.041013, 0.242554), arc_center_pos = (0.000000, 0.000000), arc_angle = 0.000000,radius = 0.000000, seal_power = 20.000000, seal_velocity = 2.500000
09/20/2018 18:19:50+699030us LOEC <LO> LOECAP_start_lot <(cell_index = 8, seg_id = 7, seg_type = 2, start_pos = (0.041013, 0.242554),end_pos = (0.041564, 0.242004), arc_center_pos = (0.041581, 0.242588), arc_angle = 1.570796,radius = 0.000550, seal_power = 40.000000, seal_velocity = 3.000000
09/20/2018 18:19:50+699062us LOEC <LO> LOECAP_start_lot <(cell_index = 9, seg_id = 0, seg_type = 1, start_pos = (-0.109872, 0.242073),end_pos = (-0.041486, 0.242073), arc_center_pos = (0.000000, 0.000000), arc_angle = 0.000000,radius = 0.000000, seal_power = 20.000000, seal_velocity = 2.500000
09/20/2018 18:19:50+699094us LOEC <LO> LOECAP_start_lot <(cell_index = 9, seg_id = 1, seg_type = 2, start_pos = (-0.041486, 0.242073),end_pos = (-0.040937, 0.242623), arc_center_pos = (-0.041469, 0.242588), arc_angle = 1.570796,radius = 0.000550, seal_power = 40.000000, seal_velocity = 3.000000
09/20/2018 18:19:50+699126us LOEC <LO> LOECAP_start_lot <(cell_index = 9, seg_id = 2, seg_type = 1, start_pos = (-0.040937, 0.242623),end_pos = (-0.040937, 0.380374), arc_center_pos = (0.000000, 0.000000), arc_angle = 0.000000,radius = 0.000000, seal_power = 20.000000, seal_velocity = 2.500000
09/20/2018 18:19:50+699158us LOEC <LO> LOECAP_start_lot <(cell_index = 9, seg_id = 3, seg_type = 2, start_pos = (-0.040937, 0.380374),end_pos = (-0.041387, 0.380824), arc_center_pos = (-0.041369, 0.380408), arc_angle = 1.570796,radius = 0.000450, seal_power = 40.000000, seal_velocity = 3.000000
09/20/2018 18:19:50+699190us LOEC <LO> LOECAP_start_lot <(cell_index = 9, seg_id = 4, seg_type = 1, start_pos = (-0.041387, 0.380824),end_pos = (-0.109972, 0.380824), arc_center_pos = (0.000000, 0.000000), arc_angle = 0.000000,radius = 0.000000, seal_power = 20.000000, seal_velocity = 2.500000
09/20/2018 18:19:50+699222us LOEC <LO> LOECAP_start_lot <(cell_index = 9, seg_id = 5, seg_type = 2, start_pos = (-0.109972, 0.380824),end_pos = (-0.110422, 0.380374), arc_center_pos = (-0.109989, 0.380408), arc_angle = 1.570796,radius = 0.000450, seal_power = 40.000000, seal_velocity = 3.000000
09/20/2018 18:19:50+699254us LOEC <LO> LOECAP_start_lot <(cell_index = 9, seg_id = 6, seg_type = 1, start_pos = (-0.110422, 0.380374),end_pos = (-0.110422, 0.242623), arc_center_pos = (0.000000, 0.000000), arc_angle = 0.000000,radius = 0.000000, seal_power = 20.000000, seal_velocity = 2.500000
09/20/2018 18:19:50+699286us LOEC <LO> LOECAP_start_lot <(cell_index = 9, seg_id = 7, seg_type = 2, start_pos = (-0.110422, 0.242623),end_pos = (-0.109872, 0.242073), arc_center_pos = (-0.109889, 0.242588), arc_angle = 1.570796,radius = 0.000550, seal_power = 40.000000, seal_velocity = 3.000000
09/20/2018 18:19:50+699318us LOEC <LO> LOECAP_start_lot <(cell_index = 10, seg_id = 0, seg_type = 1, start_pos = (-0.182949, 0.242038),end_pos = (-0.114529, 0.242038), arc_center_pos = (0.000000, 0.000000), arc_angle = 0.000000,radius = 0.000000, seal_power = 20.000000, seal_velocity = 2.500000
09/20/2018 18:19:50+699350us LOEC <LO> LOECAP_start_lot <(cell_index = 10, seg_id = 1, seg_type = 2, start_pos = (-0.114529, 0.242038),end_pos = (-0.113979, 0.242588), arc_center_pos = (-0.114529, 0.242588), arc_angle = 1.570796,radius = 0.000550, seal_power = 40.000000, seal_velocity = 3.000000
09/20/2018 18:19:50+699383us LOEC <LO> LOECAP_start_lot <(cell_index = 10, seg_id = 2, seg_type = 1, start_pos = (-0.113979, 0.242588),end_pos = (-0.113979, 0.380408), arc_center_pos = (0.000000, 0.000000), arc_angle = 0.000000,radius = 0.000000, seal_power = 20.000000, seal_velocity = 2.500000
09/20/2018 18:19:50+699415us LOEC <LO> LOECAP_start_lot <(cell_index = 10, seg_id = 3, seg_type = 2, start_pos = (-0.113979, 0.380408),end_pos = (-0.114429, 0.380858), arc_center_pos = (-0.114429, 0.380408), arc_angle = 1.570796,radius = 0.000450, seal_power = 40.000000, seal_velocity = 3.000000
09/20/2018 18:19:50+699447us LOEC <LO> LOECAP_start_lot <(cell_index = 10, seg_id = 4, seg_type = 1, start_pos = (-0.114429, 0.380858),end_pos = (-0.183049, 0.380858), arc_center_pos = (0.000000, 0.000000), arc_angle = 0.000000,radius = 0.000000, seal_power = 20.000000, seal_velocity = 2.500000
09/20/2018 18:19:50+699479us LOEC <LO> LOECAP_start_lot <(cell_index = 10, seg_id = 5, seg_type = 2, start_pos = (-0.183049, 0.380858),end_pos = (-0.183499, 0.380408), arc_center_pos = (-0.183049, 0.380408), arc_angle = 1.570796,radius = 0.000450, seal_power = 40.000000, seal_velocity = 3.000000
09/20/2018 18:19:50+699511us LOEC <LO> LOECAP_start_lot <(cell_index = 10, seg_id = 6, seg_type = 1, start_pos = (-0.183499, 0.380408),end_pos = (-0.183499, 0.242588), arc_center_pos = (0.000000, 0.000000), arc_angle = 0.000000,radius = 0.000000, seal_power = 20.000000, seal_velocity = 2.500000
09/20/2018 18:19:50+699543us LOEC <LO> LOECAP_start_lot <(cell_index = 10, seg_id = 7, seg_type = 2, start_pos = (-0.183499, 0.242588),end_pos = (-0.182949, 0.242038), arc_center_pos = (-0.182949, 0.242588), arc_angle = 1.570796,radius = 0.000550, seal_power = 40.000000, seal_velocity = 3.000000
09/20/2018 18:19:50+699575us LOEC <LO> LOECAP_start_lot <(cell_index = 11, seg_id = 0, seg_type = 1, start_pos = (-0.256026, 0.242004),end_pos = (-0.187572, 0.242004), arc_center_pos = (0.000000, 0.000000), arc_angle = 0.000000,radius = 0.000000, seal_power = 20.000000, seal_velocity = 2.500000
09/20/2018 18:19:50+699608us LOEC <LO> LOECAP_start_lot <(cell_index = 11, seg_id = 1, seg_type = 2, start_pos = (-0.187572, 0.242004),end_pos = (-0.187022, 0.242554), arc_center_pos = (-0.187589, 0.242588), arc_angle = 1.570796,radius = 0.000550, seal_power = 40.000000, seal_velocity = 3.000000
09/20/2018 18:19:50+699645us LOEC <LO> LOECAP_start_lot <(cell_index = 11, seg_id = 2, seg_type = 1, start_pos = (-0.187022, 0.242554),end_pos = (-0.187022, 0.380443), arc_center_pos = (0.000000, 0.000000), arc_angle = 0.000000,radius = 0.000000, seal_power = 20.000000, seal_velocity = 2.500000
09/20/2018 18:19:50+699678us LOEC <LO> LOECAP_start_lot <(cell_index = 11, seg_id = 3, seg_type = 2, start_pos = (-0.187022, 0.380443),end_pos = (-0.187472, 0.380893), arc_center_pos = (-0.187489, 0.380408), arc_angle = 1.570796,radius = 0.000450, seal_power = 40.000000, seal_velocity = 3.000000
09/20/2018 18:19:50+699711us LOEC <LO> LOECAP_start_lot <(cell_index = 11, seg_id = 4, seg_type = 1, start_pos = (-0.187472, 0.380893),end_pos = (-0.256127, 0.380893), arc_center_pos = (0.000000, 0.000000), arc_angle = 0.000000,radius = 0.000000, seal_power = 20.000000, seal_velocity = 2.500000
09/20/2018 18:19:50+699742us LOEC <LO> LOECAP_start_lot <(cell_index = 11, seg_id = 5, seg_type = 2, start_pos = (-0.256127, 0.380893),end_pos = (-0.256577, 0.380443), arc_center_pos = (-0.256109, 0.380408), arc_angle = 1.570796,radius = 0.000450, seal_power = 40.000000, seal_velocity = 3.000000
09/20/2018 18:19:50+699775us LOEC <LO> LOECAP_start_lot <(cell_index = 11, seg_id = 6, seg_type = 1, start_pos = (-0.256577, 0.380443),end_pos = (-0.256577, 0.242554), arc_center_pos = (0.000000, 0.000000), arc_angle = 0.000000,radius = 0.000000, seal_power = 20.000000, seal_velocity = 2.500000
09/20/2018 18:19:50+699807us LOEC <LO> LOECAP_start_lot <(cell_index = 11, seg_id = 7, seg_type = 2, start_pos = (-0.256577, 0.242554),end_pos = (-0.256026, 0.242004), arc_center_pos = (-0.256009, 0.242588), arc_angle = 1.570796,radius = 0.000550, seal_power = 40.000000, seal_velocity = 3.000000
09/20/2018 18:19:50+699840us LOEC <LO> LOECAP_start_lot <(cell_index = 12, seg_id = 0, seg_type = 1, start_pos = (-0.329052, 0.242073),end_pos = (-0.260666, 0.242073), arc_center_pos = (0.000000, 0.000000), arc_angle = 0.000000,radius = 0.000000, seal_power = 20.000000, seal_velocity = 2.500000
09/20/2018 18:19:50+703678us LOEC <LO> LOECAP_start_lot <(cell_index = 12, seg_id = 1, seg_type = 2, start_pos = (-0.260666, 0.242073),end_pos = (-0.260117, 0.242623), arc_center_pos = (-0.260649, 0.242588), arc_angle = 1.570796,radius = 0.000550, seal_power = 40.000000, seal_velocity = 3.000000
09/20/2018 18:19:50+703735us LOEC <LO> LOECAP_start_lot <(cell_index = 12, seg_id = 2, seg_type = 1, start_pos = (-0.260117, 0.242623),end_pos = (-0.260117, 0.380374), arc_center_pos = (0.000000, 0.000000), arc_angle = 0.000000,radius = 0.000000, seal_power = 20.000000, seal_velocity = 2.500000
09/20/2018 18:19:50+703783us LOEC <LO> LOECAP_start_lot <(cell_index = 12, seg_id = 3, seg_type = 2, start_pos = (-0.260117, 0.380374),end_pos = (-0.260567, 0.380824), arc_center_pos = (-0.260549, 0.380408), arc_angle = 1.570796,radius = 0.000450, seal_power = 40.000000, seal_velocity = 3.000000
09/20/2018 18:19:50+703829us LOEC <LO> LOECAP_start_lot <(cell_index = 12, seg_id = 4, seg_type = 1, start_pos = (-0.260567, 0.380824),end_pos = (-0.329152, 0.380824), arc_center_pos = (0.000000, 0.000000), arc_angle = 0.000000,radius = 0.000000, seal_power = 20.000000, seal_velocity = 2.500000
09/20/2018 18:19:50+703872us LOEC <LO> LOECAP_start_lot <(cell_index = 12, seg_id = 5, seg_type = 2, start_pos = (-0.329152, 0.380824),end_pos = (-0.329602, 0.380374), arc_center_pos = (-0.329169, 0.380408), arc_angle = 1.570796,radius = 0.000450, seal_power = 40.000000, seal_velocity = 3.000000
09/20/2018 18:19:50+703908us LOEC <LO> LOECAP_start_lot <(cell_index = 12, seg_id = 6, seg_type = 1, start_pos = (-0.329602, 0.380374),end_pos = (-0.329602, 0.242623), arc_center_pos = (0.000000, 0.000000), arc_angle = 0.000000,radius = 0.000000, seal_power = 20.000000, seal_velocity = 2.500000
09/20/2018 18:19:50+703941us LOEC <LO> LOECAP_start_lot <(cell_index = 12, seg_id = 7, seg_type = 2, start_pos = (-0.329602, 0.242623),end_pos = (-0.329052, 0.242073), arc_center_pos = (-0.329069, 0.242588), arc_angle = 1.570796,radius = 0.000550, seal_power = 40.000000, seal_velocity = 3.000000
09/20/2018 18:19:50+703975us LOEC <LO> LOECAP_start_lot <(cell_index = 13, seg_id = 0, seg_type = 1, start_pos = (-0.402129, 0.242038),end_pos = (-0.333709, 0.242038), arc_center_pos = (0.000000, 0.000000), arc_angle = 0.000000,radius = 0.000000, seal_power = 20.000000, seal_velocity = 2.500000
09/20/2018 18:19:50+704008us LOEC <LO> LOECAP_start_lot <(cell_index = 13, seg_id = 1, seg_type = 2, start_pos = (-0.333709, 0.242038),end_pos = (-0.333159, 0.242588), arc_center_pos = (-0.333709, 0.242588), arc_angle = 1.570796,radius = 0.000550, seal_power = 40.000000, seal_velocity = 3.000000
09/20/2018 18:19:50+704040us LOEC <LO> LOECAP_start_lot <(cell_index = 13, seg_id = 2, seg_type = 1, start_pos = (-0.333159, 0.242588),end_pos = (-0.333159, 0.380408), arc_center_pos = (0.000000, 0.000000), arc_angle = 0.000000,radius = 0.000000, seal_power = 20.000000, seal_velocity = 2.500000
09/20/2018 18:19:50+704074us LOEC <LO> LOECAP_start_lot <(cell_index = 13, seg_id = 3, seg_type = 2, start_pos = (-0.333159, 0.380408),end_pos = (-0.333609, 0.380858), arc_center_pos = (-0.333609, 0.380408), arc_angle = 1.570796,radius = 0.000450, seal_power = 40.000000, seal_velocity = 3.000000
09/20/2018 18:19:50+704106us LOEC <LO> LOECAP_start_lot <(cell_index = 13, seg_id = 4, seg_type = 1, start_pos = (-0.333609, 0.380858),end_pos = (-0.402229, 0.380858), arc_center_pos = (0.000000, 0.000000), arc_angle = 0.000000,radius = 0.000000, seal_power = 20.000000, seal_velocity = 2.500000
09/20/2018 18:19:50+704139us LOEC <LO> LOECAP_start_lot <(cell_index = 13, seg_id = 5, seg_type = 2, start_pos = (-0.402229, 0.380858),end_pos = (-0.402679, 0.380408), arc_center_pos = (-0.402229, 0.380408), arc_angle = 1.570796,radius = 0.000450, seal_power = 40.000000, seal_velocity = 3.000000
09/20/2018 18:19:50+704173us LOEC <LO> LOECAP_start_lot <(cell_index = 13, seg_id = 6, seg_type = 1, start_pos = (-0.402679, 0.380408),end_pos = (-0.402679, 0.242588), arc_center_pos = (0.000000, 0.000000), arc_angle = 0.000000,radius = 0.000000, seal_power = 20.000000, seal_velocity = 2.500000
09/20/2018 18:19:50+704206us LOEC <LO> LOECAP_start_lot <(cell_index = 13, seg_id = 7, seg_type = 2, start_pos = (-0.402679, 0.242588),end_pos = (-0.402129, 0.242038), arc_center_pos = (-0.402129, 0.242588), arc_angle = 1.570796,radius = 0.000550, seal_power = 40.000000, seal_velocity = 3.000000
09/20/2018 18:19:50+704239us LOEC <LO> LOECAP_start_lot <(cell_index = 14, seg_id = 0, seg_type = 1, start_pos = (-0.475206, 0.242004),end_pos = (-0.406752, 0.242004), arc_center_pos = (0.000000, 0.000000), arc_angle = 0.000000,radius = 0.000000, seal_power = 20.000000, seal_velocity = 2.500000
09/20/2018 18:19:50+704272us LOEC <LO> LOECAP_start_lot <(cell_index = 14, seg_id = 1, seg_type = 2, start_pos = (-0.406752, 0.242004),end_pos = (-0.406202, 0.242554), arc_center_pos = (-0.406769, 0.242588), arc_angle = 1.570796,radius = 0.000550, seal_power = 40.000000, seal_velocity = 3.000000
09/20/2018 18:19:50+704304us LOEC <LO> LOECAP_start_lot <(cell_index = 14, seg_id = 2, seg_type = 1, start_pos = (-0.406202, 0.242554),end_pos = (-0.406202, 0.380443), arc_center_pos = (0.000000, 0.000000), arc_angle = 0.000000,radius = 0.000000, seal_power = 20.000000, seal_velocity = 2.500000
09/20/2018 18:19:50+704337us LOEC <LO> LOECAP_start_lot <(cell_index = 14, seg_id = 3, seg_type = 2, start_pos = (-0.406202, 0.380443),end_pos = (-0.406652, 0.380893), arc_center_pos = (-0.406669, 0.380408), arc_angle = 1.570796,radius = 0.000450, seal_power = 40.000000, seal_velocity = 3.000000
09/20/2018 18:19:50+704370us LOEC <LO> LOECAP_start_lot <(cell_index = 14, seg_id = 4, seg_type = 1, start_pos = (-0.406652, 0.380893),end_pos = (-0.475307, 0.380893), arc_center_pos = (0.000000, 0.000000), arc_angle = 0.000000,radius = 0.000000, seal_power = 20.000000, seal_velocity = 2.500000
09/20/2018 18:19:50+704403us LOEC <LO> LOECAP_start_lot <(cell_index = 14, seg_id = 5, seg_type = 2, start_pos = (-0.475307, 0.380893),end_pos = (-0.475757, 0.380443), arc_center_pos = (-0.475289, 0.380408), arc_angle = 1.570796,radius = 0.000450, seal_power = 40.000000, seal_velocity = 3.000000
09/20/2018 18:19:50+704436us LOEC <LO> LOECAP_start_lot <(cell_index = 14, seg_id = 6, seg_type = 1, start_pos = (-0.475757, 0.380443),end_pos = (-0.475757, 0.242554), arc_center_pos = (0.000000, 0.000000), arc_angle = 0.000000,radius = 0.000000, seal_power = 20.000000, seal_velocity = 2.500000
09/20/2018 18:19:50+704468us LOEC <LO> LOECAP_start_lot <(cell_index = 14, seg_id = 7, seg_type = 2, start_pos = (-0.475757, 0.242554),end_pos = (-0.475206, 0.242004), arc_center_pos = (-0.475189, 0.242588), arc_angle = 1.570796,radius = 0.000550, seal_power = 40.000000, seal_velocity = 3.000000
09/20/2018 18:19:50+704502us LOEC <LO> LOECAP_start_lot <(cell_index = 15, seg_id = 0, seg_type = 1, start_pos = (-0.548232, 0.242073),end_pos = (-0.479846, 0.242073), arc_center_pos = (0.000000, 0.000000), arc_angle = 0.000000,radius = 0.000000, seal_power = 20.000000, seal_velocity = 2.500000
09/20/2018 18:19:50+704534us LOEC <LO> LOECAP_start_lot <(cell_index = 15, seg_id = 1, seg_type = 2, start_pos = (-0.479846, 0.242073),end_pos = (-0.479297, 0.242623), arc_center_pos = (-0.479829, 0.242588), arc_angle = 1.570796,radius = 0.000550, seal_power = 40.000000, seal_velocity = 3.000000
09/20/2018 18:19:50+704567us LOEC <LO> LOECAP_start_lot <(cell_index = 15, seg_id = 2, seg_type = 1, start_pos = (-0.479297, 0.242623),end_pos = (-0.479297, 0.380374), arc_center_pos = (0.000000, 0.000000), arc_angle = 0.000000,radius = 0.000000, seal_power = 20.000000, seal_velocity = 2.500000
09/20/2018 18:19:50+704600us LOEC <LO> LOECAP_start_lot <(cell_index = 15, seg_id = 3, seg_type = 2, start_pos = (-0.479297, 0.380374),end_pos = (-0.479747, 0.380824), arc_center_pos = (-0.479729, 0.380408), arc_angle = 1.570796,radius = 0.000450, seal_power = 40.000000, seal_velocity = 3.000000
09/20/2018 18:19:50+704650us LOEC <LO> LOECAP_start_lot <(cell_index = 15, seg_id = 4, seg_type = 1, start_pos = (-0.479747, 0.380824),end_pos = (-0.548332, 0.380824), arc_center_pos = (0.000000, 0.000000), arc_angle = 0.000000,radius = 0.000000, seal_power = 20.000000, seal_velocity = 2.500000
09/20/2018 18:19:50+704686us LOEC <LO> LOECAP_start_lot <(cell_index = 15, seg_id = 5, seg_type = 2, start_pos = (-0.548332, 0.380824),end_pos = (-0.548782, 0.380374), arc_center_pos = (-0.548349, 0.380408), arc_angle = 1.570796,radius = 0.000450, seal_power = 40.000000, seal_velocity = 3.000000
09/20/2018 18:19:50+704720us LOEC <LO> LOECAP_start_lot <(cell_index = 15, seg_id = 6, seg_type = 1, start_pos = (-0.548782, 0.380374),end_pos = (-0.548782, 0.242623), arc_center_pos = (0.000000, 0.000000), arc_angle = 0.000000,radius = 0.000000, seal_power = 20.000000, seal_velocity = 2.500000
09/20/2018 18:19:50+704752us LOEC <LO> LOECAP_start_lot <(cell_index = 15, seg_id = 7, seg_type = 2, start_pos = (-0.548782, 0.242623),end_pos = (-0.548232, 0.242073), arc_center_pos = (-0.548249, 0.242588), arc_angle = 1.570796,radius = 0.000550, seal_power = 40.000000, seal_velocity = 3.000000
09/20/2018 18:19:50+704785us LOEC <LO> LOECAP_start_lot <(cell_index = 16, seg_id = 0, seg_type = 1, start_pos = (-0.621309, 0.242038),end_pos = (-0.552889, 0.242038), arc_center_pos = (0.000000, 0.000000), arc_angle = 0.000000,radius = 0.000000, seal_power = 20.000000, seal_velocity = 2.500000
09/20/2018 18:19:50+704818us LOEC <LO> LOECAP_start_lot <(cell_index = 16, seg_id = 1, seg_type = 2, start_pos = (-0.552889, 0.242038),end_pos = (-0.552339, 0.242588), arc_center_pos = (-0.552889, 0.242588), arc_angle = 1.570796,radius = 0.000550, seal_power = 40.000000, seal_velocity = 3.000000
09/20/2018 18:19:50+704852us LOEC <LO> LOECAP_start_lot <(cell_index = 16, seg_id = 2, seg_type = 1, start_pos = (-0.552339, 0.242588),end_pos = (-0.552339, 0.380408), arc_center_pos = (0.000000, 0.000000), arc_angle = 0.000000,radius = 0.000000, seal_power = 20.000000, seal_velocity = 2.500000
09/20/2018 18:19:50+704884us LOEC <LO> LOECAP_start_lot <(cell_index = 16, seg_id = 3, seg_type = 2, start_pos = (-0.552339, 0.380408),end_pos = (-0.552789, 0.380858), arc_center_pos = (-0.552789, 0.380408), arc_angle = 1.570796,radius = 0.000450, seal_power = 40.000000, seal_velocity = 3.000000
09/20/2018 18:19:50+704917us LOEC <LO> LOECAP_start_lot <(cell_index = 16, seg_id = 4, seg_type = 1, start_pos = (-0.552789, 0.380858),end_pos = (-0.621409, 0.380858), arc_center_pos = (0.000000, 0.000000), arc_angle = 0.000000,radius = 0.000000, seal_power = 20.000000, seal_velocity = 2.500000
09/20/2018 18:19:50+704949us LOEC <LO> LOECAP_start_lot <(cell_index = 16, seg_id = 5, seg_type = 2, start_pos = (-0.621409, 0.380858),end_pos = (-0.621859, 0.380408), arc_center_pos = (-0.621409, 0.380408), arc_angle = 1.570796,radius = 0.000450, seal_power = 40.000000, seal_velocity = 3.000000
09/20/2018 18:19:50+704981us LOEC <LO> LOECAP_start_lot <(cell_index = 16, seg_id = 6, seg_type = 1, start_pos = (-0.621859, 0.380408),end_pos = (-0.621859, 0.242588), arc_center_pos = (0.000000, 0.000000), arc_angle = 0.000000,radius = 0.000000, seal_power = 20.000000, seal_velocity = 2.500000
09/20/2018 18:19:50+705014us LOEC <LO> LOECAP_start_lot <(cell_index = 16, seg_id = 7, seg_type = 2, start_pos = (-0.621859, 0.242588),end_pos = (-0.621309, 0.242038), arc_center_pos = (-0.621309, 0.242588), arc_angle = 1.570796,radius = 0.000550, seal_power = 40.000000, seal_velocity = 3.000000
09/20/2018 18:19:50+705046us LOEC <LO> LOECAP_start_lot <(cell_index = 17, seg_id = 0, seg_type = 1, start_pos = (-0.694386, 0.242004),end_pos = (-0.625932, 0.242004), arc_center_pos = (0.000000, 0.000000), arc_angle = 0.000000,radius = 0.000000, seal_power = 20.000000, seal_velocity = 2.500000
09/20/2018 18:19:50+705079us LOEC <LO> LOECAP_start_lot <(cell_index = 17, seg_id = 1, seg_type = 2, start_pos = (-0.625932, 0.242004),end_pos = (-0.625382, 0.242554), arc_center_pos = (-0.625949, 0.242588), arc_angle = 1.570796,radius = 0.000550, seal_power = 40.000000, seal_velocity = 3.000000
09/20/2018 18:19:50+705112us LOEC <LO> LOECAP_start_lot <(cell_index = 17, seg_id = 2, seg_type = 1, start_pos = (-0.625382, 0.242554),end_pos = (-0.625382, 0.380443), arc_center_pos = (0.000000, 0.000000), arc_angle = 0.000000,radius = 0.000000, seal_power = 20.000000, seal_velocity = 2.500000
09/20/2018 18:19:50+705145us LOEC <LO> LOECAP_start_lot <(cell_index = 17, seg_id = 3, seg_type = 2, start_pos = (-0.625382, 0.380443),end_pos = (-0.625832, 0.380893), arc_center_pos = (-0.625849, 0.380408), arc_angle = 1.570796,radius = 0.000450, seal_power = 40.000000, seal_velocity = 3.000000
09/20/2018 18:19:50+705178us LOEC <LO> LOECAP_start_lot <(cell_index = 17, seg_id = 4, seg_type = 1, start_pos = (-0.625832, 0.380893),end_pos = (-0.694487, 0.380893), arc_center_pos = (0.000000, 0.000000), arc_angle = 0.000000,radius = 0.000000, seal_power = 20.000000, seal_velocity = 2.500000
09/20/2018 18:19:50+705210us LOEC <LO> LOECAP_start_lot <(cell_index = 17, seg_id = 5, seg_type = 2, start_pos = (-0.694487, 0.380893),end_pos = (-0.694937, 0.380443), arc_center_pos = (-0.694469, 0.380408), arc_angle = 1.570796,radius = 0.000450, seal_power = 40.000000, seal_velocity = 3.000000
09/20/2018 18:19:50+705243us LOEC <LO> LOECAP_start_lot <(cell_index = 17, seg_id = 6, seg_type = 1, start_pos = (-0.694937, 0.380443),end_pos = (-0.694937, 0.242554), arc_center_pos = (0.000000, 0.000000), arc_angle = 0.000000,radius = 0.000000, seal_power = 20.000000, seal_velocity = 2.500000
09/20/2018 18:19:50+705275us LOEC <LO> LOECAP_start_lot <(cell_index = 17, seg_id = 7, seg_type = 2, start_pos = (-0.694937, 0.242554),end_pos = (-0.694386, 0.242004), arc_center_pos = (-0.694369, 0.242588), arc_angle = 1.570796,radius = 0.000550, seal_power = 40.000000, seal_velocity = 3.000000
09/20/2018 18:19:50+705309us LOEC <LO> LOECAP_start_lot >>(ec_lot_data.nr_cell=18)
09/20/2018 18:19:50+705342us LOEC <EC> EC4A_start_lot > ()
------------------------------merge1 end------------------------------

09/20/2018 18:19:51+381907us LOEC <EC> EC4A_start_lot < () = OK
09/20/2018 18:19:51+381978us LOEC <LO> LOECAP_start_lot <<(  ) = OK
09/20/2018 18:19:51+382019us LOEC <LO> LOECGN_raise_start_lot > 
09/20/2018 18:19:51+382077us LOEC <LO> LOECGN_raise_start_lot < () = OK
09/20/2018 18:19:51+382106us LOEC <LO> LOEC_bind_handler < () = OK
09/20/2018 18:19:51+419736us LOEC <LO> LOEC_bind_handler > (function_code = 0x4c4fff05)
09/20/2018 18:19:51+419795us LOEC <LO> LOECAP_measure_substrate >>(lot_id=1093, substrate_id=1)
09/20/2018 18:19:51+419836us LOEC <LO> LODM_get_lot_data > ()
09/20/2018 18:19:51+641190us LOEC <LO> LODM_get_lot_data < () = OK
09/20/2018 18:19:51+641264us LOEC <EC> EC4A_measure_plate_fcn >
09/20/2018 18:19:51+641351us LOEC <EC> EC4A_measure_plate_fcn < () = OK
09/20/2018 18:19:51+641392us LOEC <LO> LODM_write_lot_substrate_time_tab > ()
09/20/2018 18:19:51+793818us LOEC <LO> LODM_write_lot_substrate_time_tab < () = OK
09/20/2018 18:19:51+793875us LOEC <LO> LOECAP_measure_substrate (g_loecap_onstage=TRUE,resultdm=OK)
09/20/2018 18:19:51+793914us LOEC <LO> LOECAP_measure_substrate <<(g_loecap_substrate_id = 1)=OK
09/20/2018 18:19:51+793950us LOEC <LO> LOECGN_raise_measure_substrate > 
09/20/2018 18:19:51+793979us LOEC <LO> LOECGN_raise_measure_substrate < () = OK
09/20/2018 18:19:51+794003us LOEC <LO> LOEC_bind_handler < () = OK
------------------------------merge2 end------------------------------

09/20/2018 18:19:52+566691us LOEC <LO> loecap_ec_measure_substrate_cb >>( error_code = 0x0)
09/20/2018 18:19:52+566765us LOEC <LO> LOSM_get_Q_state > ()
09/20/2018 18:19:52+567107us LOEC <LO> LOSM_get_Q_state < () = OK
09/20/2018 18:19:52+567149us LOEC <LO> LODM_write_lot_plate_measure_result > ()
09/20/2018 18:19:52+568485us LOEC <LO> LODM_write_lot_plate_measure_result < () = OK
09/20/2018 18:19:52+568540us LOEC <LO> LODM_write_lot_substrate_result_tab > ()
09/20/2018 18:19:52+569069us LOEC <LO> LODM_write_lot_substrate_result_tab < () = OK
09/20/2018 18:19:52+569124us LOEC <LO> LOECGN_raise_measure_sbstrt_subscribe > 
09/20/2018 18:19:52+569188us LOEC <LO> LOECGN_raise_measure_sbstrt_subscribe < () = OK
09/20/2018 18:19:52+569229us LOEC <LO> loecap_ec_measure_substrate_cb <<()=OK
09/20/2018 18:19:52+663161us LOEC <LO> LOEC_bind_handler > (function_code = 0x4c4fff07)
09/20/2018 18:19:52+663231us LOEC <LO> LOECAP_optical_expose_plate >>( current_lot=1093)
09/20/2018 18:19:52+663280us LOEC <EC> EC4A_seal_plate_trig > 
09/20/2018 18:19:52+663353us LOEC <EC> EC4A_seal_plate_trig < () = OK
09/20/2018 18:19:52+663383us LOEC <LO> LOECAP_optical_expose_plate <<()=OK
09/20/2018 18:19:52+663409us LOEC <LO> LOECGN_raise_optical_expose_plate > 
09/20/2018 18:19:52+663435us LOEC <LO> LOECGN_raise_optical_expose_plate < () = OK
09/20/2018 18:19:52+663461us LOEC <LO> LOEC_bind_handler < () = OK
------------------------------merge3 end------------------------------

09/20/2018 18:20:01+174465us LOEC <LO> loecap_ec_seal_plate_done_sb >>( error_code = 0x0)
09/20/2018 18:20:01+174560us LOEC <LO> LOSM_get_Q_state > ()
09/20/2018 18:20:01+174966us LOEC <LO> LOSM_get_Q_state < () = OK
09/20/2018 18:20:01+175016us LOEC <EC> EC4A_get_seal_result > ()
09/20/2018 18:20:01+182574us LOEC <EC> EC4A_get_seal_result < () = OK
09/20/2018 18:20:01+182631us LOEC <LO> loecap_ec_seal_plate_done_sb >>( seal_start_time =  1537438793.623844,seal_end_time= 1537438801.173000)
09/20/2018 18:20:01+182682us LOEC <LO> loecap_ec_seal_plate_done_sb (substrate_id = 1)
09/20/2018 18:20:01+182728us LOEC <LO> LODM_write_lot_plate_seal_result_tab > ()
09/20/2018 18:20:01+398295us LOEC <LO> LODM_write_lot_plate_seal_result_tab < () = OK
09/20/2018 18:20:01+398362us LOEC <LO> LOECGN_raise_optical_exp_plate_subscribe > 
09/20/2018 18:20:01+398425us LOEC <LO> LOECGN_raise_optical_exp_plate_subscribe < () = OK
09/20/2018 18:20:01+398476us LOEC <LO> LODM_update_lot_substrate_time > ()
09/20/2018 18:20:01+399506us LOEC <LO> LODM_update_lot_substrate_time < () = OK
09/20/2018 18:20:01+399565us LOEC <LO> loecap_ec_seal_plate_done_sb <<()=OK
09/20/2018 18:20:01+402276us LOEC <LO> LOEC_bind_handler > (function_code = 0x4c4fff04)
09/20/2018 18:20:01+402330us LOEC <LO> LOECAP_finish_lot >>( lot_id = 1093)
09/20/2018 18:20:01+402376us LOEC <EC> EC4A_finish_lot > ()
09/20/2018 18:20:01+468514us LOEC <EC> EC4A_finish_lot < () = OK
09/20/2018 18:20:01+468575us LOEC <LO> LOECAP_finish_lot <<()=OK
09/20/2018 18:20:01+468615us LOEC <LO> LOECGN_raise_finish_lot > 
09/20/2018 18:20:01+468681us LOEC <LO> LOECGN_raise_finish_lot < () = OK
09/20/2018 18:20:01+468718us LOEC <LO> LOEC_bind_handler < () = OK
-------------------------------last4 end------------------------------

------------------------------------------------------------------------
2018-09-20,18:20:13
