2019-03-04 11:04:48                  F5                                   m_OIMA_F5_BTN                        
2019-03-04 11:04:49                  Remote Control                       m_OIMA_NavigationButton2_BTN         
2019-03-04 11:04:51                  SECS setting                         m_OIRC_SECSPage_BTN                  
2019-03-04 11:04:58                  Set                                  m_OIRC_setSECS_BTN                   
2019-03-04 11:05:01                  General                              m_OIRC_GeneralPage_BTN               
2019-03-04 11:05:02                  Disable                              m_OIRC_disbale_BTN                   
2019-03-04 11:05:21                  SECS setting                         m_OIRC_SECSPage_BTN                  
2019-03-04 11:05:25                  General                              m_OIRC_GeneralPage_BTN               
2019-03-04 11:05:25                  Enable                               m_OIRC_enbale_BTN                    
2019-03-04 11:10:52                  F6                                   m_OIMA_F6_BTN                        
2019-03-04 11:10:55                  Exit                                 m_OIMA_Exit_BTN                      
2019-03-04 11:40:04                  F6                                   m_OIMA_F6_BTN                        
2019-03-04 11:40:08                  Exit                                 m_OIMA_Exit_BTN                      
2019-03-04 15:06:42                  F6                                   m_OIMA_F6_BTN                        
2019-03-04 15:08:09                  Initialize Driver                    m_OIMS_Init_BTN                      
2019-03-04 15:08:28                  F5                                   m_OIMA_F5_BTN                        
2019-03-04 15:08:29                  Remote Control                       m_OIMA_NavigationButton2_BTN         
2019-03-04 15:08:32                  Local                                m_OIRC_local_BTN                     
2019-03-04 15:08:35                  Remote                               m_OIRC_remote_BTN                    
2019-03-04 15:08:36                  Local                                m_OIRC_local_BTN                     
2019-03-04 15:08:42                  F6                                   m_OIMA_F6_BTN                        
2019-03-04 15:08:55                  Close                                m_OIEL_Close_BTN                     
2019-03-04 15:08:55                  F6                                   m_OIMA_F6_BTN                        
2019-03-04 15:08:58                  F7                                   m_OIMA_F7_BTN                        
2019-03-04 15:09:01                  Clear Alarm                          m_OIEL_ClearException_BTN            
2019-03-04 15:09:01                  Close                                m_OIEL_Close_BTN                     
2019-03-04 15:09:02                  F6                                   m_OIMA_F6_BTN                        
2019-03-04 15:09:05                  F1                                   m_OIMA_F1_BTN                        
2019-03-04 15:09:07                  F5                                   m_OIMA_F5_BTN                        
2019-03-04 15:09:09                  Local                                m_OIRC_local_BTN                     
2019-03-04 15:09:12                  F6                                   m_OIMA_F6_BTN                        
2019-03-04 15:09:13                  F2                                   m_OIMA_F2_BTN                        
2019-03-04 15:10:17                  Close                                m_OIEL_Close_BTN                     
2019-03-04 15:10:19                  F6                                   m_OIMA_F6_BTN                        
2019-03-04 15:10:23                  Exit                                 m_OIMA_Exit_BTN                      
