2019-03-30 17:59:01                  Perform                              DC4A_perform_static_exposure_qpb     
2019-03-30 17:59:29                  Perform                              DC4A_calibrate_uva_transmission_qpb  
2019-03-30 18:25:51                  Perform                              DC4A_calibrate_uva_transmission_qpb  
2019-03-30 18:26:13                  Perform                              DC4A_calibrate_uva_transmission_qpb  
2019-03-30 18:30:22                  Perform                              DC4A_calibrate_uva_transmission_qpb  
2019-03-30 18:35:58                  Perform                              DC4A_calibrate_uva_transmission_qpb  
2019-03-30 18:42:20                  Perform                              DC4A_calibrate_uva_transmission_qpb  
2019-03-30 18:46:05                  Perform                              DC4A_calibrate_uva_transmission_qpb  
2019-03-30 18:52:14                  Perform                              DC4A_calibrate_uva_transmission_qpb  
2019-03-30 18:52:50                  Perform                              DC4A_calibrate_uva_transmission_qpb  
2019-03-30 19:07:14                  Perform                              DC4A_calibrate_uva_transmission_qpb  
2019-03-30 19:10:46                  Perform                              DC4A_calibrate_uva_transmission_qpb  
2019-03-30 19:14:50                  Perform                              DC4A_calibrate_uva_transmission_qpb  
2019-03-30 19:15:29                  Perform                              DC4A_calibrate_uva_transmission_qpb  
2019-03-30 19:15:53                  Perform                              DC4A_calibrate_uva_transmission_qpb  
2019-03-30 19:16:26                  Perform                              DC4A_calibrate_uva_transmission_qpb  
2019-03-30 19:25:51                  Perform                              DC4A_calibrate_uva_transmission_qpb  
2019-03-30 19:29:40                  Perform                              DC4A_initialize_qpb                  
2019-03-30 19:29:43                  Perform                              DC4A_terminate_qpb                   
2019-03-30 19:29:45                  Get State                            DC4A_get_state_qpb                   
2019-03-30 19:29:47                  Get                                  DC4A_get_sim_mode_qpb                
2019-03-30 19:29:48                  Set                                  DC4A_set_sim_mode_qpb                
2019-03-30 19:29:53                  Perform                              DC4A_set_exposure_va_transmission_qpb
2019-03-30 19:29:54                  Perform                              DC4A_set_uva_transmission_qpb        
2019-03-30 19:29:55                  Perform                              DC4A_set_alignment_va_transmission_qpb
2019-03-30 19:29:56                  Perform                              DC4A_calibrate_uva_transmission_qpb  
2019-03-30 19:50:06                  Perform                              DC4A_calibrate_uva_transmission_qpb  
2019-03-30 19:52:26                  Perform                              DC4A_calibrate_uva_transmission_qpb  
2019-03-30 19:54:42                  Perform                              DC4A_set_alignment_va_transmission_qpb
2019-03-30 19:54:44                  Perform                              DC4A_calibrate_uva_transmission_qpb  
2019-03-30 20:05:33                  Perform                              DC4A_get_uva_transmission_qpb        
2019-03-30 20:05:57                  Perform                              DC4T_get_alignment_va_transmission_qpb
2019-03-30 20:06:03                  Perform                              DC4A_calibrate_uva_transmission_qpb  
2019-03-30 20:08:44                  Perform                              DC4A_set_exposure_va_transmission_qpb
2019-03-30 20:08:46                  Perform                              DC4A_set_uva_transmission_qpb        
2019-03-30 20:08:47                  Perform                              DC4A_set_alignment_va_transmission_qpb
2019-03-30 20:08:48                  Perform                              DC4A_get_exposure_va_transmission_qpb
2019-03-30 20:08:49                  Perform                              DC4A_get_uva_transmission_qpb        
2019-03-30 20:08:51                  Perform                              DC4T_get_alignment_va_transmission_qpb
2019-03-30 20:09:48                  Perform                              DC4T_set_lamp_target_intensity_qpb   
2019-03-30 20:09:52                  Perform                              DC4T_get_lamp_target_intensity_qpb   
2019-03-30 20:10:06                  Perform                              DC4T_set_lamp_rated_intensity_qpb    
2019-03-30 20:10:07                  Perform                              DC4T_get_lamp_rated_intensity_qpb    
2019-03-30 20:14:55                  Perform                              DC4T_get_shutter_status_qpb          
2019-03-30 20:21:19                  Perform                              DC4T_get_shutter_status_qpb          
2019-03-30 20:21:29                  Perform                              DC4T_get_shutter_status_qpb          
2019-03-30 20:21:31                  Perform                              DC4T_get_shutter_status_qpb          
2019-03-30 20:21:32                  Perform                              DC4T_get_shutter_status_qpb          
2019-03-30 20:21:35                  Perform                              DC4T_open_shutter_by_step_qpb        
2019-03-30 20:21:42                  Perform                              DC4T_open_shutter_by_step_qpb        
2019-03-30 20:21:47                  Perform                              DC4T_get_shutter_position_qpb        
2019-03-30 20:21:48                  Perform                              DC4T_get_shutter_position_qpb        
2019-03-30 20:22:59                  Perform                              DC4T_initialize_shutter_qpb          
2019-03-30 20:23:03                  Get                                  m_GetSourceModeButton                
2019-03-30 20:23:14                  Perform                              DC4T_get_shutter_position_qpb        
2019-03-30 20:23:37                  Perform                              DC4T_set_lamp_target_intensity_qpb   
2019-03-30 20:23:38                  Perform                              DC4T_get_lamp_target_intensity_qpb   
2019-03-30 20:23:41                  Perform                              DC4T_set_lamp_rated_intensity_qpb    
2019-03-30 20:23:42                  Perform                              DC4T_get_lamp_rated_intensity_qpb    
2019-03-30 20:23:51                  Perform                              DC4T_open_shutter_by_step_qpb        
2019-03-30 20:23:52                  Perform                              DC4T_get_shutter_position_qpb        
2019-03-30 20:26:16                  Perform                              DC4T_get_uva_status_qpb              
2019-03-30 20:26:18                  Perform                              DC4T_get_uva_transmission_qpb        
2019-03-30 20:30:18                  Perform                              DC4T_get_ess_detect_value_qpb        
2019-03-30 20:30:20                  Perform                              m_GetESSSampFreqButton               
2019-03-30 20:30:21                  Perform                              m_GetEDSampFreqButton                
2019-03-30 20:30:22                  Perform                              DC4T_get_ed_detect_value_qpb         
2019-03-30 20:30:23                  Perform                              m_SetEDSampFreqDButton               
2019-03-30 20:30:24                  Perform                              m_SetESSSampFreqDButton              
2019-03-30 20:32:47                  Perform                              DC4T_get_uva_status_qpb              
2019-03-30 20:32:49                  Perform                              DC4T_get_uva_transmission_qpb        
2019-03-30 20:32:51                  Perform                              DC4T_set_uva_transmission_by_step_qpb
2019-03-30 20:32:55                  Perform                              DC4T_get_uva_position_qpb            
2019-03-30 20:33:23                  Perform                              DC4T_get_shutter_status_qpb          
2019-03-30 20:33:25                  Perform                              DC4T_open_shutter_by_step_qpb        
2019-03-30 20:33:26                  Perform                              DC4T_get_shutter_position_qpb        
2019-03-30 20:33:31                  Perform                              DC4A_get_uva_transmission_qpb        
2019-03-30 20:33:33                  Perform                              DC4T_get_alignment_va_transmission_qpb
2019-03-30 20:33:34                  Perform                              DC4A_set_alignment_va_transmission_qpb
2019-03-30 20:33:39                  Perform                              DC4A_calc_scantime_qpb               
2019-03-30 20:33:45                  Perform                              DC4A_calc_preptime_qpb               
2019-03-30 20:33:48                  Perform                              DC4A_queue_scan_qpb                  
2019-03-30 20:33:55                  Perform                              DC4T_get_shutter_status_qpb          
2019-03-30 20:33:57                  Perform                              DC4T_open_shutter_by_step_qpb        
2019-03-30 20:33:58                  Perform                              DC4T_get_shutter_position_qpb        
2019-03-30 20:34:01                  Perform                              DC4T_set_alignment_va_transmission_qpb
2019-03-30 20:34:03                  Perform                              DC4T_get_alignment_va_status_qpb     
2019-03-30 20:34:04                  Perform                              DC4T_get_alignment_va_transmission_qpb
2019-03-30 20:34:11                  Perform                              DC4T_set_uva_transmission_qpb        
2019-03-30 20:40:21                  Perform                              DC4T_set_uva_transmission_qpb        
2019-03-30 20:42:54                  Perform                              DC4T_set_uva_transmission_qpb        
2019-03-30 20:42:56                  Perform                              DC4T_set_uva_transmission_qpb        
2019-03-30 20:42:57                  Perform                              DC4T_set_uva_transmission_qpb        
2019-03-30 20:42:59                  Perform                              DC4T_get_uva_status_qpb              
2019-03-30 20:43:01                  Perform                              DC4T_get_uva_transmission_qpb        
2019-03-30 20:43:02                  Perform                              DC4T_set_uva_transmission_by_step_qpb
2019-03-30 20:43:04                  Perform                              DC4T_get_uva_position_qpb            
