2019-04-02 11:17:38                  Perform                              DC4A_calibrate_uva_transmission_qpb  
2019-04-02 11:18:00                  Perform                              DC4A_set_alignment_va_transmission_qpb
2019-04-02 11:18:06                  Perform                              DC4A_get_exposure_va_transmission_qpb
2019-04-02 11:18:11                  Perform                              DC4A_calibrate_uva_transmission_qpb  
2019-04-02 11:24:04                  Get                                  m_GetSourceModeButton                
2019-04-02 11:24:07                  Set                                  m_SetSourceModeButton                
2019-04-02 11:24:13                  Initialize                           m_LampInitButton                     
2019-04-02 11:24:20                  Perform                              DC4A_set_exposure_va_transmission_qpb
2019-04-02 11:24:33                  Perform                              DC4A_flush_queue_qpb                 
2019-04-02 11:28:07                  Perform                              DC4A_get_exposure_va_transmission_qpb
2019-04-02 11:28:10                  Perform                              DC4A_set_exposure_va_transmission_qpb
2019-04-02 11:28:14                  Perform                              DC4A_set_uva_transmission_qpb        
2019-04-02 11:28:55                  Perform                              DC4A_flush_queue_qpb                 
2019-04-02 11:52:23                  Set                                  m_SetSourceModeButton                
2019-04-02 11:52:29                  Set                                  m_SetSourceModeButton                
2019-04-02 11:52:35                  Perform                              DC4T_initialize_uva_qpb              
2019-04-02 11:59:10                  Perform                              DC4A_initialize_qpb                  
2019-04-02 11:59:12                  Perform                              DC4A_terminate_qpb                   
2019-04-02 12:00:21                  Perform                              DC4A_set_uva_transmission_qpb        
2019-04-02 12:00:24                  Perform                              DC4A_set_exposure_va_transmission_qpb
2019-04-02 12:00:27                  Perform                              DC4A_set_uva_transmission_qpb        
2019-04-02 12:00:31                  Perform                              DC4A_set_alignment_va_transmission_qpb
2019-04-02 12:02:13                  Perform                              DC4A_calibrate_uva_transmission_qpb  
2019-04-02 12:07:28                  Perform                              DC4A_set_exposure_va_transmission_qpb
2019-04-02 12:07:34                  Perform                              DC4A_set_alignment_va_transmission_qpb
2019-04-02 12:07:42                  Perform                              DC4A_calibrate_uva_transmission_qpb  
2019-04-02 12:08:18                  Perform                              DC4A_set_exposure_va_transmission_qpb
2019-04-02 12:08:23                  Perform                              DC4A_calibrate_uva_transmission_qpb  
2019-04-02 13:12:48                  Perform                              DC4A_calibrate_uva_transmission_qpb  
2019-04-02 13:33:52                  Get                                  m_GetSourceModeButton                
2019-04-02 13:33:55                  Set                                  m_SetSourceModeButton                
2019-04-02 13:34:01                  Perform                              DC4A_set_exposure_va_transmission_qpb
2019-04-02 13:34:07                  Get                                  m_GetSourceModeButton                
2019-04-02 13:34:09                  Get                                  m_GetSourceModeButton                
2019-04-02 13:34:15                  Get                                  m_GetSourceModeButton                
2019-04-02 13:34:18                  Set                                  m_SetSourceModeButton                
2019-04-02 13:56:19                  Perform                              DC4A_set_exposure_va_transmission_qpb
2019-04-02 13:56:39                  Perform                              DC4A_set_uva_transmission_qpb        
2019-04-02 13:56:41                  Perform                              DC4A_calibrate_uva_transmission_qpb  
2019-04-02 13:57:57                  Perform                              DC4A_set_exposure_va_transmission_qpb
2019-04-02 13:58:02                  Perform                              DC4A_set_exposure_va_transmission_qpb
2019-04-02 13:58:03                  Perform                              DC4A_set_exposure_va_transmission_qpb
2019-04-02 14:01:18                  Perform                              DC4A_set_uva_transmission_qpb        
2019-04-02 14:01:27                  Perform                              DC4A_calibrate_uva_transmission_qpb  
2019-04-02 14:58:29                  Perform                              DC4A_calibrate_uva_transmission_qpb  
2019-04-02 15:20:50                  Perform                              DC4A_set_exposure_va_transmission_qpb
2019-04-02 15:20:52                  Perform                              DC4A_set_exposure_va_transmission_qpb
2019-04-02 15:20:53                  Perform                              DC4A_set_exposure_va_transmission_qpb
2019-04-02 15:20:55                  Perform                              DC4A_set_exposure_va_transmission_qpb
2019-04-02 15:21:00                  Perform                              DC4A_set_exposure_va_transmission_qpb
2019-04-02 15:21:10                  Get                                  m_GetSourceModeButton                
2019-04-02 15:21:27                  Set                                  m_SetSourceModeButton                
2019-04-02 15:21:47                  Set                                  m_SetSourceModeButton                
2019-04-02 15:22:22                  Perform                              DC4T_initialize_shutter_qpb          
2019-04-02 15:22:40                  Get                                  m_GetSourceModeButton                
2019-04-02 15:22:56                  Perform                              DC4T_initialize_shutter_qpb          
2019-04-02 15:23:20                  Perform                              DC4T_get_dcb_status_qpb              
2019-04-02 15:24:41                  Perform                              DC4A_calibrate_uva_transmission_qpb  
2019-04-02 15:32:49                  Get                                  m_GetSourceModeButton                
2019-04-02 15:33:02                  Perform                              DC4T_initialize_shutter_qpb          
2019-04-02 15:33:08                  Perform                              DC4T_open_shutter_qpb                
2019-04-02 15:33:20                  Perform                              DC4T_open_shutter_qpb                
2019-04-02 15:33:37                  Perform                              DC4T_get_dcb_status_qpb              
2019-04-02 15:36:24                  Perform                              DC4T_set_uva_transmission_qpb        
2019-04-02 15:36:52                  Perform                              DC4A_get_light_state_qpb             
2019-04-02 15:37:18                  Get                                  m_GetSourceModeButton                
2019-04-02 15:40:25                  Perform                              DC4T_close_shutter_qpb               
2019-04-02 15:40:38                  Perform                              DC4T_get_dcb_status_qpb              
2019-04-02 15:41:22                  Perform                              DC4A_calibrate_uva_transmission_qpb  
2019-04-02 15:43:50                  Perform                              DC4A_set_exposure_va_transmission_qpb
2019-04-02 15:43:56                  Perform                              DC4A_calibrate_uva_transmission_qpb  
2019-04-02 15:57:20                  Perform                              DC4A_set_exposure_va_transmission_qpb
2019-04-02 15:57:25                  Perform                              DC4A_set_uva_transmission_qpb        
2019-04-02 15:57:40                  Perform                              DC4A_calibrate_uva_transmission_qpb  
2019-04-02 16:09:22                  Perform                              DC4A_set_exposure_va_transmission_qpb
2019-04-02 16:09:29                  Perform                              DC4A_calibrate_uva_transmission_qpb  
2019-04-02 16:31:04                  Perform                              DC4A_calibrate_uva_transmission_qpb  
2019-04-02 16:46:57                  Perform                              DC4A_set_alignment_va_transmission_qpb
2019-04-02 16:46:59                  Perform                              DC4A_calibrate_uva_transmission_qpb  
2019-04-02 16:48:10                  Perform                              DC4A_set_exposure_va_transmission_qpb
2019-04-02 16:48:27                  Perform                              DC4A_calibrate_uva_transmission_qpb  
2019-04-02 16:53:15                  Perform                              DC4A_set_alignment_va_transmission_qpb
2019-04-02 16:53:22                  Perform                              DC4A_calibrate_uva_transmission_qpb  
2019-04-02 17:01:29                  Perform                              DC4A_set_exposure_va_transmission_qpb
2019-04-02 17:01:37                  Perform                              DC4A_calibrate_uva_transmission_qpb  
2019-04-02 17:03:54                  Perform                              DC4A_calibrate_uva_transmission_qpb  
2019-04-02 17:03:57                  Perform                              DC4A_calibrate_uva_transmission_qpb  
2019-04-02 17:03:58                  Perform                              DC4A_calibrate_uva_transmission_qpb  
2019-04-02 17:04:06                  Perform                              DC4A_calibrate_uva_transmission_qpb  
2019-04-02 17:15:08                  Perform                              DC4A_calibrate_uva_transmission_qpb  
2019-04-02 17:15:09                  Perform                              DC4A_calibrate_uva_transmission_qpb  
2019-04-02 17:15:11                  Perform                              DC4A_calibrate_uva_transmission_qpb  
2019-04-02 17:15:12                  Perform                              DC4A_calibrate_uva_transmission_qpb  
2019-04-02 17:15:23                  Perform                              DC4A_calibrate_uva_transmission_qpb  
2019-04-02 17:15:25                  Perform                              DC4A_calibrate_uva_transmission_qpb  
2019-04-02 17:15:27                  Perform                              DC4A_calibrate_uva_transmission_qpb  
2019-04-02 17:15:29                  Perform                              DC4A_calibrate_uva_transmission_qpb  
2019-04-02 17:15:30                  Perform                              DC4A_calibrate_uva_transmission_qpb  
2019-04-02 17:15:31                  Perform                              DC4A_calibrate_uva_transmission_qpb  
2019-04-02 17:15:32                  Perform                              DC4A_calibrate_uva_transmission_qpb  
2019-04-02 17:15:33                  Perform                              DC4A_calibrate_uva_transmission_qpb  
2019-04-02 17:15:34                  Perform                              DC4A_calibrate_uva_transmission_qpb  
2019-04-02 17:15:35                  Perform                              DC4A_calibrate_uva_transmission_qpb  
2019-04-02 17:15:36                  Perform                              DC4A_calibrate_uva_transmission_qpb  
2019-04-02 17:15:38                  Perform                              DC4A_calibrate_uva_transmission_qpb  
2019-04-02 17:15:38                  Perform                              DC4A_calibrate_uva_transmission_qpb  
2019-04-02 17:15:38                  Perform                              DC4A_calibrate_uva_transmission_qpb  
2019-04-02 17:15:40                  Perform                              DC4A_calibrate_uva_transmission_qpb  
2019-04-02 17:15:40                  Perform                              DC4A_calibrate_uva_transmission_qpb  
2019-04-02 17:15:41                  Perform                              DC4A_calibrate_uva_transmission_qpb  
2019-04-02 17:15:41                  Perform                              DC4A_calibrate_uva_transmission_qpb  
2019-04-02 17:15:41                  Perform                              DC4A_calibrate_uva_transmission_qpb  
2019-04-02 17:15:42                  Perform                              DC4A_calibrate_uva_transmission_qpb  
2019-04-02 17:15:43                  Perform                              DC4A_calibrate_uva_transmission_qpb  
2019-04-02 17:15:43                  Perform                              DC4A_calibrate_uva_transmission_qpb  
2019-04-02 17:15:43                  Perform                              DC4A_calibrate_uva_transmission_qpb  
2019-04-02 17:15:44                  Perform                              DC4A_calibrate_uva_transmission_qpb  
2019-04-02 17:15:46                  Perform                              DC4A_calibrate_uva_transmission_qpb  
2019-04-02 17:15:48                  Perform                              DC4A_calibrate_uva_transmission_qpb  
2019-04-02 17:19:09                  Perform                              DC4A_set_exposure_va_transmission_qpb
2019-04-02 17:19:26                  Perform                              DC4A_calibrate_uva_transmission_qpb  
2019-04-02 17:19:28                  Perform                              DC4A_calibrate_uva_transmission_qpb  
2019-04-02 17:19:35                  Perform                              DC4A_calibrate_uva_transmission_qpb  
2019-04-02 17:19:37                  Perform                              DC4A_calibrate_uva_transmission_qpb  
2019-04-02 17:19:38                  Perform                              DC4A_calibrate_uva_transmission_qpb  
2019-04-02 17:19:39                  Perform                              DC4A_calibrate_uva_transmission_qpb  
2019-04-02 17:21:11                  Perform                              DC4A_calibrate_uva_transmission_qpb  
2019-04-02 17:21:13                  Perform                              DC4A_calibrate_uva_transmission_qpb  
2019-04-02 17:28:59                  Perform                              DC4A_calibrate_uva_transmission_qpb  
2019-04-02 17:29:01                  Perform                              DC4A_calibrate_uva_transmission_qpb  
2019-04-02 17:29:02                  Perform                              DC4A_calibrate_uva_transmission_qpb  
2019-04-02 17:29:03                  Perform                              DC4A_calibrate_uva_transmission_qpb  
2019-04-02 17:29:06                  Perform                              DC4A_calibrate_uva_transmission_qpb  
2019-04-02 17:29:08                  Perform                              DC4A_calibrate_uva_transmission_qpb  
2019-04-02 17:29:09                  Perform                              DC4A_calibrate_uva_transmission_qpb  
2019-04-02 17:29:13                  Perform                              DC4A_calibrate_uva_transmission_qpb  
2019-04-02 17:29:28                  Perform                              DC4A_calibrate_uva_transmission_qpb  
2019-04-02 17:29:35                  Perform                              DC4A_calibrate_uva_transmission_qpb  
2019-04-02 17:34:47                  Perform                              DC4A_set_exposure_va_transmission_qpb
2019-04-02 17:34:48                  Perform                              DC4A_calibrate_uva_transmission_qpb  
2019-04-02 17:34:52                  Perform                              DC4A_calibrate_uva_transmission_qpb  
2019-04-02 17:34:53                  Perform                              DC4A_calibrate_uva_transmission_qpb  
2019-04-02 17:39:07                  Perform                              DC4A_calibrate_uva_transmission_qpb  
2019-04-02 17:43:21                  Perform                              DC4A_calibrate_uva_transmission_qpb  
2019-04-02 17:43:23                  Perform                              DC4A_calibrate_uva_transmission_qpb  
2019-04-02 17:43:24                  Perform                              DC4A_calibrate_uva_transmission_qpb  
2019-04-02 17:43:26                  Perform                              DC4A_calibrate_uva_transmission_qpb  
2019-04-02 17:43:26                  Perform                              DC4A_calibrate_uva_transmission_qpb  
2019-04-02 17:43:30                  Perform                              DC4A_calibrate_uva_transmission_qpb  
2019-04-02 17:43:31                  Perform                              DC4A_calibrate_uva_transmission_qpb  
2019-04-02 17:43:32                  Perform                              DC4A_calibrate_uva_transmission_qpb  
2019-04-02 17:43:33                  Perform                              DC4A_calibrate_uva_transmission_qpb  
2019-04-02 17:43:36                  Perform                              DC4A_get_exposure_va_transmission_qpb
2019-04-02 17:43:38                  Perform                              DC4A_get_uva_transmission_qpb        
2019-04-02 17:43:39                  Perform                              DC4T_get_alignment_va_transmission_qpb
2019-04-02 17:43:43                  Perform                              DC4A_open_shutter_qpb                
2019-04-02 17:43:49                  Perform                              DC4A_calc_scantime_qpb               
2019-04-02 17:43:52                  Perform                              DC4A_calc_preptime_qpb               
2019-04-02 17:43:55                  Perform                              DC4A_queue_scan_qpb                  
2019-04-02 17:43:59                  Perform                              DC4A_wait_scan_ready_qpb             
2019-04-02 17:44:23                  Get Status                           DC4A_get_status_qpb                  
2019-04-02 17:44:25                  More>>                               get_status_result_qpb                
2019-04-02 17:44:30                  Back                                 back_qpb                             
2019-04-02 17:44:43                  Perform                              DC4T_perform_test_measurement_qpb    
2019-04-02 17:44:51                  Perform                              DC4A_calibrate_uva_transmission_qpb  
2019-04-02 17:44:59                  Perform                              DC4A_queue_scan_qpb                  
2019-04-02 17:45:03                  Perform                              DC4A_wait_scan_ready_qpb             
2019-04-02 17:45:13                  Perform                              m_GetStatusButton                    
2019-04-02 17:47:08                  Perform                              DC4T_open_shutter_by_step_qpb        
2019-04-02 17:47:10                  Perform                              DC4T_get_shutter_position_qpb        
2019-04-02 17:47:12                  Perform                              DC4T_get_shutter_status_qpb          
2019-04-02 17:47:16                  Perform                              DC4T_get_safe_shutter_status_qpb     
2019-04-02 17:47:34                  Perform                              DC4T_set_uva_transmission_qpb        
2019-04-02 17:47:36                  Perform                              DC4T_get_uva_status_qpb              
2019-04-02 17:47:37                  Perform                              DC4T_get_uva_transmission_qpb        
2019-04-02 17:47:39                  Perform                              DC4T_set_uva_transmission_by_step_qpb
2019-04-02 17:47:41                  Perform                              DC4T_get_uva_position_qpb            
